This file contains any messages produced by compilers while
running configure, to aid debugging if configure makes a mistake.

It was created by vidz configure 0.3, which was
generated by GNU Autoconf 2.69.  Invocation command line was

  $ ./configure --no-create --no-recursion

## --------- ##
## Platform. ##
## --------- ##

hostname = cholnix
uname -m = x86_64
uname -r = 4.15.0-20-generic
uname -s = Linux
uname -v = #21-Ubuntu SMP Tue Apr 24 06:16:15 UTC 2018

/usr/bin/uname -p = unknown
/bin/uname -X     = unknown

/bin/arch              = unknown
/usr/bin/arch -k       = unknown
/usr/convex/getsysinfo = unknown
/usr/bin/hostinfo      = unknown
/bin/machine           = unknown
/usr/bin/oslevel       = unknown
/bin/universe          = unknown

PATH: /usr/local/sbin
PATH: /usr/local/bin
PATH: /usr/sbin
PATH: /usr/bin
PATH: /sbin
PATH: /bin
PATH: /usr/games
PATH: /usr/local/games
PATH: /opt/idea-IU-181.4668.68/bin
PATH: /snap/bin
PATH: /usr/lib/jvm/java-8-oracle/bin
PATH: /usr/lib/jvm/java-8-oracle/db/bin
PATH: /usr/lib/jvm/java-8-oracle/jre/bin


## ----------- ##
## Core tests. ##
## ----------- ##

configure:2334: checking for a BSD-compatible install
configure:2402: result: /usr/bin/install -c
configure:2413: checking whether build environment is sane
configure:2468: result: yes
configure:2619: checking for a thread-safe mkdir -p
configure:2658: result: /bin/mkdir -p
configure:2665: checking for gawk
configure:2695: result: no
configure:2665: checking for mawk
configure:2681: found /usr/bin/mawk
configure:2692: result: mawk
configure:2703: checking whether make sets $(MAKE)
configure:2725: result: yes
configure:2754: checking whether make supports nested variables
configure:2771: result: yes
configure:2909: checking whether make supports nested variables
configure:2926: result: yes
configure:2986: checking for gcc
configure:3002: found /usr/bin/gcc
configure:3013: result: gcc
configure:3242: checking for C compiler version
configure:3251: gcc --version >&5
gcc (Ubuntu 7.3.0-16ubuntu3) 7.3.0
Copyright (C) 2017 Free Software Foundation, Inc.
This is free software; see the source for copying conditions.  There is NO
warranty; not even for MERCHANTABILITY or FITNESS FOR A PARTICULAR PURPOSE.

configure:3262: $? = 0
configure:3251: gcc -v >&5
Using built-in specs.
COLLECT_GCC=gcc
COLLECT_LTO_WRAPPER=/usr/lib/gcc/x86_64-linux-gnu/7/lto-wrapper
OFFLOAD_TARGET_NAMES=nvptx-none
OFFLOAD_TARGET_DEFAULT=1
Target: x86_64-linux-gnu
Configured with: ../src/configure -v --with-pkgversion='Ubuntu 7.3.0-16ubuntu3' --with-bugurl=file:///usr/share/doc/gcc-7/README.Bugs --enable-languages=c,ada,c++,go,brig,d,fortran,objc,obj-c++ --prefix=/usr --with-gcc-major-version-only --with-as=/usr/bin/x86_64-linux-gnu-as --with-ld=/usr/bin/x86_64-linux-gnu-ld --program-suffix=-7 --program-prefix=x86_64-linux-gnu- --enable-shared --enable-linker-build-id --libexecdir=/usr/lib --without-included-gettext --enable-threads=posix --libdir=/usr/lib --enable-nls --with-sysroot=/ --enable-clocale=gnu --enable-libstdcxx-debug --enable-libstdcxx-time=yes --with-default-libstdcxx-abi=new --enable-gnu-unique-object --disable-vtable-verify --enable-libmpx --enable-plugin --enable-default-pie --with-system-zlib --with-target-system-zlib --enable-objc-gc=auto --enable-multiarch --disable-werror --with-arch-32=i686 --with-abi=m64 --with-multilib-list=m32,m64,mx32 --enable-multilib --with-tune=generic --enable-offload-targets=nvptx-none --without-cuda-driver --enable-checking=release --build=x86_64-linux-gnu --host=x86_64-linux-gnu --target=x86_64-linux-gnu
Thread model: posix
gcc version 7.3.0 (Ubuntu 7.3.0-16ubuntu3) 
configure:3262: $? = 0
configure:3251: gcc -V >&5
gcc: error: unrecognized command line option '-V'
gcc: fatal error: no input files
compilation terminated.
configure:3262: $? = 1
configure:3251: gcc -qversion >&5
gcc: error: unrecognized command line option '-qversion'; did you mean '--version'?
gcc: fatal error: no input files
compilation terminated.
configure:3262: $? = 1
configure:3282: checking whether the C compiler works
configure:3304: gcc    conftest.c  >&5
configure:3308: $? = 0
configure:3356: result: yes
configure:3359: checking for C compiler default output file name
configure:3361: result: a.out
configure:3367: checking for suffix of executables
configure:3374: gcc -o conftest    conftest.c  >&5
configure:3378: $? = 0
configure:3400: result: 
configure:3422: checking whether we are cross compiling
configure:3430: gcc -o conftest    conftest.c  >&5
configure:3434: $? = 0
configure:3441: ./conftest
configure:3445: $? = 0
configure:3460: result: no
configure:3465: checking for suffix of object files
configure:3487: gcc -c   conftest.c >&5
configure:3491: $? = 0
configure:3512: result: o
configure:3516: checking whether we are using the GNU C compiler
configure:3535: gcc -c   conftest.c >&5
configure:3535: $? = 0
configure:3544: result: yes
configure:3553: checking whether gcc accepts -g
configure:3573: gcc -c -g  conftest.c >&5
configure:3573: $? = 0
configure:3614: result: yes
configure:3631: checking for gcc option to accept ISO C89
configure:3694: gcc  -c -g -O2  conftest.c >&5
configure:3694: $? = 0
configure:3707: result: none needed
configure:3732: checking whether gcc understands -c and -o together
configure:3754: gcc -c conftest.c -o conftest2.o
configure:3757: $? = 0
configure:3754: gcc -c conftest.c -o conftest2.o
configure:3757: $? = 0
configure:3769: result: yes
configure:3797: checking for style of include used by make
configure:3825: result: GNU
configure:3851: checking dependency style of gcc
configure:3962: result: gcc3
configure:3982: checking whether NLS is requested
configure:3991: result: yes
configure:4009: checking for intltool >= 0.35.0
configure:4011: result: 0.51.0 found
configure:4019: checking for intltool-update
configure:4037: found /usr/bin/intltool-update
configure:4049: result: /usr/bin/intltool-update
configure:4059: checking for intltool-merge
configure:4077: found /usr/bin/intltool-merge
configure:4089: result: /usr/bin/intltool-merge
configure:4099: checking for intltool-extract
configure:4117: found /usr/bin/intltool-extract
configure:4129: result: /usr/bin/intltool-extract
configure:4283: checking for xgettext
configure:4301: found /usr/bin/xgettext
configure:4313: result: /usr/bin/xgettext
configure:4323: checking for msgmerge
configure:4341: found /usr/bin/msgmerge
configure:4353: result: /usr/bin/msgmerge
configure:4363: checking for msgfmt
configure:4381: found /usr/bin/msgfmt
configure:4393: result: /usr/bin/msgfmt
configure:4403: checking for gmsgfmt
configure:4434: result: /usr/bin/msgfmt
configure:4454: checking for perl
configure:4472: found /usr/bin/perl
configure:4484: result: /usr/bin/perl
configure:4495: checking for perl >= 5.8.1
configure:4502: result: 5.26.1
configure:4506: checking for XML::Parser
configure:4509: result: ok
configure:4537: checking how to run the C preprocessor
configure:4568: gcc -E  conftest.c
configure:4568: $? = 0
configure:4582: gcc -E  conftest.c
conftest.c:12:10: fatal error: ac_nonexistent.h: No such file or directory
 #include <ac_nonexistent.h>
          ^~~~~~~~~~~~~~~~~~
compilation terminated.
configure:4582: $? = 1
configure: failed program was:
| /* confdefs.h */
| #define PACKAGE_NAME "vidz"
| #define PACKAGE_TARNAME "vidz"
| #define PACKAGE_VERSION "0.3"
| #define PACKAGE_STRING "vidz 0.3"
| #define PACKAGE_BUGREPORT ""
| #define PACKAGE_URL ""
| #define PACKAGE "vidz"
| #define VERSION "0.3"
| #define GETTEXT_PACKAGE "vidz"
| /* end confdefs.h.  */
| #include <ac_nonexistent.h>
configure:4607: result: gcc -E
configure:4627: gcc -E  conftest.c
configure:4627: $? = 0
configure:4641: gcc -E  conftest.c
conftest.c:12:10: fatal error: ac_nonexistent.h: No such file or directory
 #include <ac_nonexistent.h>
          ^~~~~~~~~~~~~~~~~~
compilation terminated.
configure:4641: $? = 1
configure: failed program was:
| /* confdefs.h */
| #define PACKAGE_NAME "vidz"
| #define PACKAGE_TARNAME "vidz"
| #define PACKAGE_VERSION "0.3"
| #define PACKAGE_STRING "vidz 0.3"
| #define PACKAGE_BUGREPORT ""
| #define PACKAGE_URL ""
| #define PACKAGE "vidz"
| #define VERSION "0.3"
| #define GETTEXT_PACKAGE "vidz"
| /* end confdefs.h.  */
| #include <ac_nonexistent.h>
configure:4670: checking for grep that handles long lines and -e
configure:4728: result: /bin/grep
configure:4733: checking for egrep
configure:4795: result: /bin/grep -E
configure:4800: checking for ANSI C header files
configure:4820: gcc -c -g -O2  conftest.c >&5
configure:4820: $? = 0
configure:4893: gcc -o conftest -g -O2   conftest.c  >&5
configure:4893: $? = 0
configure:4893: ./conftest
configure:4893: $? = 0
configure:4904: result: yes
configure:4917: checking for sys/types.h
configure:4917: gcc -c -g -O2  conftest.c >&5
configure:4917: $? = 0
configure:4917: result: yes
configure:4917: checking for sys/stat.h
configure:4917: gcc -c -g -O2  conftest.c >&5
configure:4917: $? = 0
configure:4917: result: yes
configure:4917: checking for stdlib.h
configure:4917: gcc -c -g -O2  conftest.c >&5
configure:4917: $? = 0
configure:4917: result: yes
configure:4917: checking for string.h
configure:4917: gcc -c -g -O2  conftest.c >&5
configure:4917: $? = 0
configure:4917: result: yes
configure:4917: checking for memory.h
configure:4917: gcc -c -g -O2  conftest.c >&5
configure:4917: $? = 0
configure:4917: result: yes
configure:4917: checking for strings.h
configure:4917: gcc -c -g -O2  conftest.c >&5
configure:4917: $? = 0
configure:4917: result: yes
configure:4917: checking for inttypes.h
configure:4917: gcc -c -g -O2  conftest.c >&5
configure:4917: $? = 0
configure:4917: result: yes
configure:4917: checking for stdint.h
configure:4917: gcc -c -g -O2  conftest.c >&5
configure:4917: $? = 0
configure:4917: result: yes
configure:4917: checking for unistd.h
configure:4917: gcc -c -g -O2  conftest.c >&5
configure:4917: $? = 0
configure:4917: result: yes
configure:4932: checking locale.h usability
configure:4932: gcc -c -g -O2  conftest.c >&5
configure:4932: $? = 0
configure:4932: result: yes
configure:4932: checking locale.h presence
configure:4932: gcc -E  conftest.c
configure:4932: $? = 0
configure:4932: result: yes
configure:4932: checking for locale.h
configure:4932: result: yes
configure:4943: checking for LC_MESSAGES
configure:4959: gcc -o conftest -g -O2   conftest.c  >&5
configure:4959: $? = 0
configure:4967: result: yes
configure:4985: checking for CFPreferencesCopyAppValue
configure:5003: gcc -o conftest -g -O2   conftest.c  -Wl,-framework -Wl,CoreFoundation >&5
conftest.c:24:10: fatal error: CoreFoundation/CFPreferences.h: No such file or directory
 #include <CoreFoundation/CFPreferences.h>
          ^~~~~~~~~~~~~~~~~~~~~~~~~~~~~~~~
compilation terminated.
configure:5003: $? = 1
configure: failed program was:
| /* confdefs.h */
| #define PACKAGE_NAME "vidz"
| #define PACKAGE_TARNAME "vidz"
| #define PACKAGE_VERSION "0.3"
| #define PACKAGE_STRING "vidz 0.3"
| #define PACKAGE_BUGREPORT ""
| #define PACKAGE_URL ""
| #define PACKAGE "vidz"
| #define VERSION "0.3"
| #define GETTEXT_PACKAGE "vidz"
| #define STDC_HEADERS 1
| #define HAVE_SYS_TYPES_H 1
| #define HAVE_SYS_STAT_H 1
| #define HAVE_STDLIB_H 1
| #define HAVE_STRING_H 1
| #define HAVE_MEMORY_H 1
| #define HAVE_STRINGS_H 1
| #define HAVE_INTTYPES_H 1
| #define HAVE_STDINT_H 1
| #define HAVE_UNISTD_H 1
| #define HAVE_LOCALE_H 1
| #define HAVE_LC_MESSAGES 1
| /* end confdefs.h.  */
| #include <CoreFoundation/CFPreferences.h>
| int
| main ()
| {
| CFPreferencesCopyAppValue(NULL, NULL)
|   ;
|   return 0;
| }
configure:5012: result: no
configure:5019: checking for CFLocaleCopyCurrent
configure:5037: gcc -o conftest -g -O2   conftest.c  -Wl,-framework -Wl,CoreFoundation >&5
conftest.c:24:10: fatal error: CoreFoundation/CFLocale.h: No such file or directory
 #include <CoreFoundation/CFLocale.h>
          ^~~~~~~~~~~~~~~~~~~~~~~~~~~
compilation terminated.
configure:5037: $? = 1
configure: failed program was:
| /* confdefs.h */
| #define PACKAGE_NAME "vidz"
| #define PACKAGE_TARNAME "vidz"
| #define PACKAGE_VERSION "0.3"
| #define PACKAGE_STRING "vidz 0.3"
| #define PACKAGE_BUGREPORT ""
| #define PACKAGE_URL ""
| #define PACKAGE "vidz"
| #define VERSION "0.3"
| #define GETTEXT_PACKAGE "vidz"
| #define STDC_HEADERS 1
| #define HAVE_SYS_TYPES_H 1
| #define HAVE_SYS_STAT_H 1
| #define HAVE_STDLIB_H 1
| #define HAVE_STRING_H 1
| #define HAVE_MEMORY_H 1
| #define HAVE_STRINGS_H 1
| #define HAVE_INTTYPES_H 1
| #define HAVE_STDINT_H 1
| #define HAVE_UNISTD_H 1
| #define HAVE_LOCALE_H 1
| #define HAVE_LC_MESSAGES 1
| /* end confdefs.h.  */
| #include <CoreFoundation/CFLocale.h>
| int
| main ()
| {
| CFLocaleCopyCurrent();
|   ;
|   return 0;
| }
configure:5046: result: no
configure:5060: checking libintl.h usability
configure:5060: gcc -c -g -O2  conftest.c >&5
configure:5060: $? = 0
configure:5060: result: yes
configure:5060: checking libintl.h presence
configure:5060: gcc -E  conftest.c
configure:5060: $? = 0
configure:5060: result: yes
configure:5060: checking for libintl.h
configure:5060: result: yes
configure:5068: checking for ngettext in libc
configure:5086: gcc -o conftest -g -O2   conftest.c  >&5
configure:5086: $? = 0
configure:5095: result: yes
configure:5099: checking for dgettext in libc
configure:5117: gcc -o conftest -g -O2   conftest.c  >&5
configure:5117: $? = 0
configure:5126: result: yes
configure:5133: checking for bind_textdomain_codeset
configure:5133: gcc -o conftest -g -O2   conftest.c  >&5
configure:5133: $? = 0
configure:5133: result: yes
configure:5409: checking for msgfmt
configure:5436: result: /usr/bin/msgfmt
configure:5447: checking for dcgettext
configure:5447: gcc -o conftest -g -O2   conftest.c   >&5
conftest.c:49:6: warning: conflicting types for built-in function 'dcgettext' [-Wbuiltin-declaration-mismatch]
 char dcgettext ();
      ^~~~~~~~~
configure:5447: $? = 0
configure:5447: result: yes
configure:5457: checking if msgfmt accepts -c
configure:5472: $MSGFMT -c -o /dev/null conftest.foo
conftest.foo:3: warning: header field 'Language' missing in header
configure:5475: $? = 0
configure:5477: result: yes
configure:5487: checking for gmsgfmt
configure:5518: result: /usr/bin/msgfmt
configure:5528: checking for xgettext
configure:5555: result: /usr/bin/xgettext
configure:5574: gcc -o conftest -g -O2   conftest.c   >&5
configure:5574: $? = 0
configure:5745: checking build system type
configure:5759: result: x86_64-unknown-linux-gnu
configure:5779: checking host system type
configure:5792: result: x86_64-unknown-linux-gnu
configure:5833: checking how to print strings
configure:5860: result: printf
configure:5881: checking for a sed that does not truncate output
configure:5945: result: /bin/sed
configure:5963: checking for fgrep
configure:6025: result: /bin/grep -F
configure:6060: checking for ld used by gcc
configure:6127: result: /usr/bin/x86_64-linux-gnu-ld
configure:6134: checking if the linker (/usr/bin/x86_64-linux-gnu-ld) is GNU ld
configure:6149: result: yes
configure:6161: checking for BSD- or MS-compatible name lister (nm)
configure:6215: result: /usr/bin/nm -B
configure:6345: checking the name lister (/usr/bin/nm -B) interface
configure:6352: gcc -c -g -O2  conftest.c >&5
configure:6355: /usr/bin/nm -B "conftest.o"
configure:6358: output
0000000000000000 B some_variable
configure:6365: result: BSD nm
configure:6368: checking whether ln -s works
configure:6372: result: yes
configure:6380: checking the maximum length of command line arguments
configure:6511: result: 1572864
configure:6559: checking how to convert x86_64-unknown-linux-gnu file names to x86_64-unknown-linux-gnu format
configure:6599: result: func_convert_file_noop
configure:6606: checking how to convert x86_64-unknown-linux-gnu file names to toolchain format
configure:6626: result: func_convert_file_noop
configure:6633: checking for /usr/bin/x86_64-linux-gnu-ld option to reload object files
configure:6640: result: -r
configure:6714: checking for objdump
configure:6730: found /usr/bin/objdump
configure:6741: result: objdump
configure:6773: checking how to recognize dependent libraries
configure:6973: result: pass_all
configure:7058: checking for dlltool
configure:7088: result: no
configure:7118: checking how to associate runtime and link libraries
configure:7145: result: printf %s\n
configure:7205: checking for ar
configure:7221: found /usr/bin/ar
configure:7232: result: ar
configure:7269: checking for archiver @FILE support
configure:7286: gcc -c -g -O2  conftest.c >&5
configure:7286: $? = 0
configure:7289: ar cru libconftest.a @conftest.lst >&5
ar: `u' modifier ignored since `D' is the default (see `U')
configure:7292: $? = 0
configure:7297: ar cru libconftest.a @conftest.lst >&5
ar: `u' modifier ignored since `D' is the default (see `U')
ar: conftest.o: No such file or directory
configure:7300: $? = 1
configure:7312: result: @
configure:7370: checking for strip
configure:7386: found /usr/bin/strip
configure:7397: result: strip
configure:7469: checking for ranlib
configure:7485: found /usr/bin/ranlib
configure:7496: result: ranlib
configure:7598: checking command to parse /usr/bin/nm -B output from gcc object
configure:7751: gcc -c -g -O2  conftest.c >&5
configure:7754: $? = 0
configure:7758: /usr/bin/nm -B conftest.o \| sed -n -e 's/^.*[ ]\([ABCDGIRSTW][ABCDGIRSTW]*\)[ ][ ]*\([_A-Za-z][_A-Za-z0-9]*\)$/\1 \2 \2/p' | sed '/ __gnu_lto/d' \> conftest.nm
configure:7761: $? = 0
configure:7827: gcc -o conftest -g -O2   conftest.c conftstm.o >&5
configure:7830: $? = 0
configure:7868: result: ok
configure:7915: checking for sysroot
configure:7945: result: no
configure:7952: checking for a working dd
configure:7990: result: /bin/dd
configure:7994: checking how to truncate binary pipes
configure:8009: result: /bin/dd bs=4096 count=1
configure:8145: gcc -c -g -O2  conftest.c >&5
configure:8148: $? = 0
configure:8338: checking for mt
configure:8354: found /bin/mt
configure:8365: result: mt
configure:8388: checking if mt is a manifest tool
configure:8394: mt '-?'
configure:8402: result: no
configure:9076: checking for dlfcn.h
configure:9076: gcc -c -g -O2  conftest.c >&5
configure:9076: $? = 0
configure:9076: result: yes
configure:9332: checking for objdir
configure:9347: result: .libs
configure:9607: checking if gcc supports -fno-rtti -fno-exceptions
configure:9625: gcc -c -g -O2  -fno-rtti -fno-exceptions conftest.c >&5
cc1: warning: command line option '-fno-rtti' is valid for C++/ObjC++ but not for C
configure:9629: $? = 0
configure:9642: result: no
configure:10000: checking for gcc option to produce PIC
configure:10007: result: -fPIC -DPIC
configure:10015: checking if gcc PIC flag -fPIC -DPIC works
configure:10033: gcc -c -g -O2  -fPIC -DPIC -DPIC conftest.c >&5
configure:10037: $? = 0
configure:10050: result: yes
configure:10079: checking if gcc static flag -static works
configure:10107: result: yes
configure:10122: checking if gcc supports -c -o file.o
configure:10143: gcc -c -g -O2  -o out/conftest2.o conftest.c >&5
configure:10147: $? = 0
configure:10169: result: yes
configure:10177: checking if gcc supports -c -o file.o
configure:10224: result: yes
configure:10257: checking whether the gcc linker (/usr/bin/x86_64-linux-gnu-ld -m elf_x86_64) supports shared libraries
configure:11520: result: yes
configure:11557: checking whether -lc should be explicitly linked in
configure:11565: gcc -c -g -O2  conftest.c >&5
configure:11568: $? = 0
configure:11583: gcc -shared  -fPIC -DPIC conftest.o  -v -Wl,-soname -Wl,conftest -o conftest 2\>\&1 \| /bin/grep  -lc  \>/dev/null 2\>\&1
configure:11586: $? = 0
configure:11600: result: no
configure:11760: checking dynamic linker characteristics
configure:12341: gcc -o conftest -g -O2   -Wl,-rpath -Wl,/foo conftest.c  >&5
configure:12341: $? = 0
configure:12590: result: GNU/Linux ld.so
configure:12712: checking how to hardcode library paths into programs
configure:12737: result: immediate
configure:13285: checking whether stripping libraries is possible
configure:13290: result: yes
configure:13325: checking if libtool supports shared libraries
configure:13327: result: yes
configure:13330: checking whether to build shared libraries
configure:13355: result: yes
configure:13358: checking whether to build static libraries
configure:13362: result: yes
configure:13456: checking for pkg-config
configure:13474: found /usr/bin/pkg-config
configure:13486: result: /usr/bin/pkg-config
configure:13511: checking pkg-config is at least version 0.9.0
configure:13514: result: yes
configure:13524: checking for VIDZ
configure:13534: $PKG_CONFIG --exists --print-errors "json-c
sqlite3
libcurl
gtk+-3.0 >= 2.90.3 "
configure:13540: $? = 0
configure:13560: $PKG_CONFIG --exists --print-errors "json-c
sqlite3
libcurl
gtk+-3.0 >= 2.90.3 "
configure:13566: $? = 0
configure:13636: result: yes
configure:13755: checking that generated files are newer than configure
configure:13761: result: done
configure:13788: creating ./config.status

## ---------------- ##
## Cache variables. ##
## ---------------- ##

ac_cv_build=x86_64-unknown-linux-gnu
ac_cv_c_compiler_gnu=yes
ac_cv_env_CC_set=
ac_cv_env_CC_value=
ac_cv_env_CFLAGS_set=
ac_cv_env_CFLAGS_value=
ac_cv_env_CPPFLAGS_set=
ac_cv_env_CPPFLAGS_value=
ac_cv_env_CPP_set=
ac_cv_env_CPP_value=
ac_cv_env_LDFLAGS_set=
ac_cv_env_LDFLAGS_value=
ac_cv_env_LIBS_set=
ac_cv_env_LIBS_value=
ac_cv_env_LT_SYS_LIBRARY_PATH_set=
ac_cv_env_LT_SYS_LIBRARY_PATH_value=
ac_cv_env_PKG_CONFIG_LIBDIR_set=
ac_cv_env_PKG_CONFIG_LIBDIR_value=
ac_cv_env_PKG_CONFIG_PATH_set=
ac_cv_env_PKG_CONFIG_PATH_value=
ac_cv_env_PKG_CONFIG_set=
ac_cv_env_PKG_CONFIG_value=
ac_cv_env_VIDZ_CFLAGS_set=
ac_cv_env_VIDZ_CFLAGS_value=
ac_cv_env_VIDZ_LIBS_set=
ac_cv_env_VIDZ_LIBS_value=
ac_cv_env_build_alias_set=
ac_cv_env_build_alias_value=
ac_cv_env_host_alias_set=
ac_cv_env_host_alias_value=
ac_cv_env_target_alias_set=
ac_cv_env_target_alias_value=
ac_cv_func_bind_textdomain_codeset=yes
ac_cv_func_dcgettext=yes
ac_cv_header_dlfcn_h=yes
ac_cv_header_inttypes_h=yes
ac_cv_header_libintl_h=yes
ac_cv_header_locale_h=yes
ac_cv_header_memory_h=yes
ac_cv_header_stdc=yes
ac_cv_header_stdint_h=yes
ac_cv_header_stdlib_h=yes
ac_cv_header_string_h=yes
ac_cv_header_strings_h=yes
ac_cv_header_sys_stat_h=yes
ac_cv_header_sys_types_h=yes
ac_cv_header_unistd_h=yes
ac_cv_host=x86_64-unknown-linux-gnu
ac_cv_objext=o
ac_cv_path_EGREP='/bin/grep -E'
ac_cv_path_FGREP='/bin/grep -F'
ac_cv_path_GMSGFMT=/usr/bin/msgfmt
ac_cv_path_GREP=/bin/grep
ac_cv_path_INTLTOOL_EXTRACT=/usr/bin/intltool-extract
ac_cv_path_INTLTOOL_MERGE=/usr/bin/intltool-merge
ac_cv_path_INTLTOOL_PERL=/usr/bin/perl
ac_cv_path_INTLTOOL_UPDATE=/usr/bin/intltool-update
ac_cv_path_MSGFMT=/usr/bin/msgfmt
ac_cv_path_MSGMERGE=/usr/bin/msgmerge
ac_cv_path_SED=/bin/sed
ac_cv_path_XGETTEXT=/usr/bin/xgettext
ac_cv_path_ac_pt_PKG_CONFIG=/usr/bin/pkg-config
ac_cv_path_install='/usr/bin/install -c'
ac_cv_path_lt_DD=/bin/dd
ac_cv_path_mkdir=/bin/mkdir
ac_cv_prog_AWK=mawk
ac_cv_prog_CPP='gcc -E'
ac_cv_prog_ac_ct_AR=ar
ac_cv_prog_ac_ct_CC=gcc
ac_cv_prog_ac_ct_MANIFEST_TOOL=mt
ac_cv_prog_ac_ct_OBJDUMP=objdump
ac_cv_prog_ac_ct_RANLIB=ranlib
ac_cv_prog_ac_ct_STRIP=strip
ac_cv_prog_cc_c89=
ac_cv_prog_cc_g=yes
ac_cv_prog_make_make_set=yes
am_cv_CC_dependencies_compiler_type=gcc3
am_cv_make_support_nested_variables=yes
am_cv_prog_cc_c_o=yes
am_cv_val_LC_MESSAGES=yes
gt_cv_func_CFLocaleCopyCurrent=no
gt_cv_func_CFPreferencesCopyAppValue=no
gt_cv_func_dgettext_libc=yes
gt_cv_func_dgettext_libintl=no
gt_cv_func_ngettext_libc=yes
gt_cv_have_gettext=yes
lt_cv_ar_at_file=@
lt_cv_archive_cmds_need_lc=no
lt_cv_deplibs_check_method=pass_all
lt_cv_file_magic_cmd='$MAGIC_CMD'
lt_cv_file_magic_test_file=
lt_cv_ld_reload_flag=-r
lt_cv_nm_interface='BSD nm'
lt_cv_objdir=.libs
lt_cv_path_LD=/usr/bin/x86_64-linux-gnu-ld
lt_cv_path_NM='/usr/bin/nm -B'
lt_cv_path_mainfest_tool=no
lt_cv_prog_compiler_c_o=yes
lt_cv_prog_compiler_pic='-fPIC -DPIC'
lt_cv_prog_compiler_pic_works=yes
lt_cv_prog_compiler_rtti_exceptions=no
lt_cv_prog_compiler_static_works=yes
lt_cv_prog_gnu_ld=yes
lt_cv_sharedlib_from_linklib_cmd='printf %s\n'
lt_cv_shlibpath_overrides_runpath=yes
lt_cv_sys_global_symbol_pipe='sed -n -e '\''s/^.*[	 ]\([ABCDGIRSTW][ABCDGIRSTW]*\)[	 ][	 ]*\([_A-Za-z][_A-Za-z0-9]*\)$/\1 \2 \2/p'\'' | sed '\''/ __gnu_lto/d'\'''
lt_cv_sys_global_symbol_to_c_name_address='sed -n -e '\''s/^: \(.*\) .*$/  {"\1", (void *) 0},/p'\'' -e '\''s/^[ABCDGIRSTW][ABCDGIRSTW]* .* \(.*\)$/  {"\1", (void *) \&\1},/p'\'''
lt_cv_sys_global_symbol_to_c_name_address_lib_prefix='sed -n -e '\''s/^: \(.*\) .*$/  {"\1", (void *) 0},/p'\'' -e '\''s/^[ABCDGIRSTW][ABCDGIRSTW]* .* \(lib.*\)$/  {"\1", (void *) \&\1},/p'\'' -e '\''s/^[ABCDGIRSTW][ABCDGIRSTW]* .* \(.*\)$/  {"lib\1", (void *) \&\1},/p'\'''
lt_cv_sys_global_symbol_to_cdecl='sed -n -e '\''s/^T .* \(.*\)$/extern int \1();/p'\'' -e '\''s/^[ABCDGIRSTW][ABCDGIRSTW]* .* \(.*\)$/extern char \1;/p'\'''
lt_cv_sys_global_symbol_to_import=
lt_cv_sys_max_cmd_len=1572864
lt_cv_to_host_file_cmd=func_convert_file_noop
lt_cv_to_tool_file_cmd=func_convert_file_noop
lt_cv_truncate_bin='/bin/dd bs=4096 count=1'
pkg_cv_VIDZ_CFLAGS='-pthread -I/usr/include/json-c -I/usr/include/x86_64-linux-gnu -I/usr/include/gtk-3.0 -I/usr/include/at-spi2-atk/2.0 -I/usr/include/at-spi-2.0 -I/usr/include/dbus-1.0 -I/usr/lib/x86_64-linux-gnu/dbus-1.0/include -I/usr/include/gtk-3.0 -I/usr/include/gio-unix-2.0/ -I/usr/include/cairo -I/usr/include/pango-1.0 -I/usr/include/harfbuzz -I/usr/include/pango-1.0 -I/usr/include/atk-1.0 -I/usr/include/cairo -I/usr/include/pixman-1 -I/usr/include/freetype2 -I/usr/include/libpng16 -I/usr/include/freetype2 -I/usr/include/libpng16 -I/usr/include/gdk-pixbuf-2.0 -I/usr/include/libpng16 -I/usr/include/glib-2.0 -I/usr/lib/x86_64-linux-gnu/glib-2.0/include'
pkg_cv_VIDZ_LIBS='-ljson-c -lsqlite3 -lcurl -lgtk-3 -lgdk-3 -lpangocairo-1.0 -lpango-1.0 -latk-1.0 -lcairo-gobject -lcairo -lgdk_pixbuf-2.0 -lgio-2.0 -lgobject-2.0 -lglib-2.0'

## ----------------- ##
## Output variables. ##
## ----------------- ##

ACLOCAL='${SHELL} /home/chol/Documents/vidz/missing aclocal-1.15'
ALL_LINGUAS=''
AMDEPBACKSLASH='\'
AMDEP_FALSE='#'
AMDEP_TRUE=''
AMTAR='$${TAR-tar}'
AM_BACKSLASH='\'
AM_DEFAULT_V='$(AM_DEFAULT_VERBOSITY)'
AM_DEFAULT_VERBOSITY='0'
AM_V='$(V)'
AR='ar'
AUTOCONF='${SHELL} /home/chol/Documents/vidz/missing autoconf'
AUTOHEADER='${SHELL} /home/chol/Documents/vidz/missing autoheader'
AUTOMAKE='${SHELL} /home/chol/Documents/vidz/missing automake-1.15'
AWK='mawk'
CATALOGS=''
CATOBJEXT='.gmo'
CC='gcc'
CCDEPMODE='depmode=gcc3'
CFLAGS='-g -O2'
CPP='gcc -E'
CPPFLAGS=''
CYGPATH_W='echo'
DATADIRNAME='share'
DEFS='-DHAVE_CONFIG_H'
DEPDIR='.deps'
DLLTOOL='false'
DSYMUTIL=''
DUMPBIN=''
ECHO_C=''
ECHO_N='-n'
ECHO_T=''
EGREP='/bin/grep -E'
EXEEXT=''
FGREP='/bin/grep -F'
GETTEXT_PACKAGE='vidz'
GMOFILES=''
GMSGFMT='/usr/bin/msgfmt'
GREP='/bin/grep'
INSTALL_DATA='${INSTALL} -m 644'
INSTALL_PROGRAM='${INSTALL}'
INSTALL_SCRIPT='${INSTALL}'
INSTALL_STRIP_PROGRAM='$(install_sh) -c -s'
INSTOBJEXT='.mo'
INTLLIBS=''
INTLTOOL_CAVES_RULE='%.caves:     %.caves.in     $(INTLTOOL_MERGE) $(wildcard $(top_srcdir)/po/*.po) ; $(INTLTOOL_V_MERGE)LC_ALL=C $(INTLTOOL_MERGE) $(INTLTOOL_V_MERGE_OPTIONS) -d -u -c $(top_builddir)/po/.intltool-merge-cache $(top_srcdir)/po $< $@'
INTLTOOL_DESKTOP_RULE='%.desktop:   %.desktop.in   $(INTLTOOL_MERGE) $(wildcard $(top_srcdir)/po/*.po) ; $(INTLTOOL_V_MERGE)LC_ALL=C $(INTLTOOL_MERGE) $(INTLTOOL_V_MERGE_OPTIONS) -d -u -c $(top_builddir)/po/.intltool-merge-cache $(top_srcdir)/po $< $@'
INTLTOOL_DIRECTORY_RULE='%.directory: %.directory.in $(INTLTOOL_MERGE) $(wildcard $(top_srcdir)/po/*.po) ; $(INTLTOOL_V_MERGE)LC_ALL=C $(INTLTOOL_MERGE) $(INTLTOOL_V_MERGE_OPTIONS) -d -u -c $(top_builddir)/po/.intltool-merge-cache $(top_srcdir)/po $< $@'
INTLTOOL_EXTRACT='/usr/bin/intltool-extract'
INTLTOOL_KBD_RULE='%.kbd:       %.kbd.in       $(INTLTOOL_MERGE) $(wildcard $(top_srcdir)/po/*.po) ; $(INTLTOOL_V_MERGE)LC_ALL=C $(INTLTOOL_MERGE) $(INTLTOOL_V_MERGE_OPTIONS) -x -u -m -c $(top_builddir)/po/.intltool-merge-cache $(top_srcdir)/po $< $@'
INTLTOOL_KEYS_RULE='%.keys:      %.keys.in      $(INTLTOOL_MERGE) $(wildcard $(top_srcdir)/po/*.po) ; $(INTLTOOL_V_MERGE)LC_ALL=C $(INTLTOOL_MERGE) $(INTLTOOL_V_MERGE_OPTIONS) -k -u -c $(top_builddir)/po/.intltool-merge-cache $(top_srcdir)/po $< $@'
INTLTOOL_MERGE='/usr/bin/intltool-merge'
INTLTOOL_OAF_RULE='%.oaf:       %.oaf.in       $(INTLTOOL_MERGE) $(wildcard $(top_srcdir)/po/*.po) ; $(INTLTOOL_V_MERGE)LC_ALL=C $(INTLTOOL_MERGE) $(INTLTOOL_V_MERGE_OPTIONS) -o -p $(top_srcdir)/po $< $@'
INTLTOOL_PERL='/usr/bin/perl'
INTLTOOL_POLICY_RULE='%.policy:    %.policy.in    $(INTLTOOL_MERGE) $(wildcard $(top_srcdir)/po/*.po) ; $(INTLTOOL_V_MERGE)LC_ALL=C $(INTLTOOL_MERGE) $(INTLTOOL_V_MERGE_OPTIONS) -x -u -c $(top_builddir)/po/.intltool-merge-cache $(top_srcdir)/po $< $@'
INTLTOOL_PONG_RULE='%.pong:      %.pong.in      $(INTLTOOL_MERGE) $(wildcard $(top_srcdir)/po/*.po) ; $(INTLTOOL_V_MERGE)LC_ALL=C $(INTLTOOL_MERGE) $(INTLTOOL_V_MERGE_OPTIONS) -x -u -c $(top_builddir)/po/.intltool-merge-cache $(top_srcdir)/po $< $@'
INTLTOOL_PROP_RULE='%.prop:      %.prop.in      $(INTLTOOL_MERGE) $(wildcard $(top_srcdir)/po/*.po) ; $(INTLTOOL_V_MERGE)LC_ALL=C $(INTLTOOL_MERGE) $(INTLTOOL_V_MERGE_OPTIONS) -d -u -c $(top_builddir)/po/.intltool-merge-cache $(top_srcdir)/po $< $@'
INTLTOOL_SCHEMAS_RULE='%.schemas:   %.schemas.in   $(INTLTOOL_MERGE) $(wildcard $(top_srcdir)/po/*.po) ; $(INTLTOOL_V_MERGE)LC_ALL=C $(INTLTOOL_MERGE) $(INTLTOOL_V_MERGE_OPTIONS) -s -u -c $(top_builddir)/po/.intltool-merge-cache $(top_srcdir)/po $< $@'
INTLTOOL_SERVER_RULE='%.server:    %.server.in    $(INTLTOOL_MERGE) $(wildcard $(top_srcdir)/po/*.po) ; $(INTLTOOL_V_MERGE)LC_ALL=C $(INTLTOOL_MERGE) $(INTLTOOL_V_MERGE_OPTIONS) -o -u -c $(top_builddir)/po/.intltool-merge-cache $(top_srcdir)/po $< $@'
INTLTOOL_SERVICE_RULE='%.service: %.service.in   $(INTLTOOL_MERGE) $(wildcard $(top_srcdir)/po/*.po) ; $(INTLTOOL_V_MERGE)LC_ALL=C $(INTLTOOL_MERGE) $(INTLTOOL_V_MERGE_OPTIONS) -d -u -c $(top_builddir)/po/.intltool-merge-cache $(top_srcdir)/po $< $@'
INTLTOOL_SHEET_RULE='%.sheet:     %.sheet.in     $(INTLTOOL_MERGE) $(wildcard $(top_srcdir)/po/*.po) ; $(INTLTOOL_V_MERGE)LC_ALL=C $(INTLTOOL_MERGE) $(INTLTOOL_V_MERGE_OPTIONS) -x -u -c $(top_builddir)/po/.intltool-merge-cache $(top_srcdir)/po $< $@'
INTLTOOL_SOUNDLIST_RULE='%.soundlist: %.soundlist.in $(INTLTOOL_MERGE) $(wildcard $(top_srcdir)/po/*.po) ; $(INTLTOOL_V_MERGE)LC_ALL=C $(INTLTOOL_MERGE) $(INTLTOOL_V_MERGE_OPTIONS) -d -u -c $(top_builddir)/po/.intltool-merge-cache $(top_srcdir)/po $< $@'
INTLTOOL_THEME_RULE='%.theme:     %.theme.in     $(INTLTOOL_MERGE) $(wildcard $(top_srcdir)/po/*.po) ; $(INTLTOOL_V_MERGE)LC_ALL=C $(INTLTOOL_MERGE) $(INTLTOOL_V_MERGE_OPTIONS) -d -u -c $(top_builddir)/po/.intltool-merge-cache $(top_srcdir)/po $< $@'
INTLTOOL_UI_RULE='%.ui:        %.ui.in        $(INTLTOOL_MERGE) $(wildcard $(top_srcdir)/po/*.po) ; $(INTLTOOL_V_MERGE)LC_ALL=C $(INTLTOOL_MERGE) $(INTLTOOL_V_MERGE_OPTIONS) -x -u -c $(top_builddir)/po/.intltool-merge-cache $(top_srcdir)/po $< $@'
INTLTOOL_UPDATE='/usr/bin/intltool-update'
INTLTOOL_V_MERGE='$(INTLTOOL__v_MERGE_$(V))'
INTLTOOL_V_MERGE_OPTIONS='$(intltool__v_merge_options_$(V))'
INTLTOOL_XAM_RULE='%.xam:       %.xml.in       $(INTLTOOL_MERGE) $(wildcard $(top_srcdir)/po/*.po) ; $(INTLTOOL_V_MERGE)LC_ALL=C $(INTLTOOL_MERGE) $(INTLTOOL_V_MERGE_OPTIONS) -x -u -c $(top_builddir)/po/.intltool-merge-cache $(top_srcdir)/po $< $@'
INTLTOOL_XML_NOMERGE_RULE='%.xml:       %.xml.in       $(INTLTOOL_MERGE) ; $(INTLTOOL_V_MERGE)LC_ALL=C $(INTLTOOL_MERGE) $(INTLTOOL_V_MERGE_OPTIONS) -x -u --no-translations $< $@'
INTLTOOL_XML_RULE='%.xml:       %.xml.in       $(INTLTOOL_MERGE) $(wildcard $(top_srcdir)/po/*.po) ; $(INTLTOOL_V_MERGE)LC_ALL=C $(INTLTOOL_MERGE) $(INTLTOOL_V_MERGE_OPTIONS) -x -u -c $(top_builddir)/po/.intltool-merge-cache $(top_srcdir)/po $< $@'
INTLTOOL__v_MERGE_0='@echo "  ITMRG " $@;'
INTLTOOL__v_MERGE_='$(INTLTOOL__v_MERGE_$(AM_DEFAULT_VERBOSITY))'
INTL_MACOSX_LIBS=''
LD='/usr/bin/x86_64-linux-gnu-ld -m elf_x86_64'
LDFLAGS=''
LIBOBJS=''
LIBS=''
LIBTOOL='$(SHELL) $(top_builddir)/libtool'
LIPO=''
LN_S='ln -s'
LTLIBOBJS=''
LT_SYS_LIBRARY_PATH=''
MAKEINFO='${SHELL} /home/chol/Documents/vidz/missing makeinfo'
MANIFEST_TOOL=':'
MKDIR_P='/bin/mkdir -p'
MKINSTALLDIRS='./mkinstalldirs'
MSGFMT='/usr/bin/msgfmt'
MSGFMT_OPTS='-c'
MSGMERGE='/usr/bin/msgmerge'
NM='/usr/bin/nm -B'
NMEDIT=''
OBJDUMP='objdump'
OBJEXT='o'
OTOOL64=''
OTOOL=''
PACKAGE='vidz'
PACKAGE_BUGREPORT=''
PACKAGE_NAME='vidz'
PACKAGE_STRING='vidz 0.3'
PACKAGE_TARNAME='vidz'
PACKAGE_URL=''
PACKAGE_VERSION='0.3'
PATH_SEPARATOR=':'
PKG_CONFIG='/usr/bin/pkg-config'
PKG_CONFIG_LIBDIR=''
PKG_CONFIG_PATH=''
POFILES=''
POSUB='po'
PO_IN_DATADIR_FALSE=''
PO_IN_DATADIR_TRUE=''
RANLIB='ranlib'
SED='/bin/sed'
SET_MAKE=''
SHELL='/bin/bash'
STRIP='strip'
USE_NLS='yes'
VERSION='0.3'
VIDZ_CFLAGS='-pthread -I/usr/include/json-c -I/usr/include/x86_64-linux-gnu -I/usr/include/gtk-3.0 -I/usr/include/at-spi2-atk/2.0 -I/usr/include/at-spi-2.0 -I/usr/include/dbus-1.0 -I/usr/lib/x86_64-linux-gnu/dbus-1.0/include -I/usr/include/gtk-3.0 -I/usr/include/gio-unix-2.0/ -I/usr/include/cairo -I/usr/include/pango-1.0 -I/usr/include/harfbuzz -I/usr/include/pango-1.0 -I/usr/include/atk-1.0 -I/usr/include/cairo -I/usr/include/pixman-1 -I/usr/include/freetype2 -I/usr/include/libpng16 -I/usr/include/freetype2 -I/usr/include/libpng16 -I/usr/include/gdk-pixbuf-2.0 -I/usr/include/libpng16 -I/usr/include/glib-2.0 -I/usr/lib/x86_64-linux-gnu/glib-2.0/include'
VIDZ_LIBS='-ljson-c -lsqlite3 -lcurl -lgtk-3 -lgdk-3 -lpangocairo-1.0 -lpango-1.0 -latk-1.0 -lcairo-gobject -lcairo -lgdk_pixbuf-2.0 -lgio-2.0 -lgobject-2.0 -lglib-2.0'
XGETTEXT='/usr/bin/xgettext'
ac_ct_AR='ar'
ac_ct_CC='gcc'
ac_ct_DUMPBIN=''
am__EXEEXT_FALSE=''
am__EXEEXT_TRUE='#'
am__fastdepCC_FALSE='#'
am__fastdepCC_TRUE=''
am__include='include'
am__isrc=''
am__leading_dot='.'
am__nodep='_no'
am__quote=''
am__tar='$${TAR-tar} chof - "$$tardir"'
am__untar='$${TAR-tar} xf -'
bindir='${exec_prefix}/bin'
build='x86_64-unknown-linux-gnu'
build_alias=''
build_cpu='x86_64'
build_os='linux-gnu'
build_vendor='unknown'
datadir='${datarootdir}'
datarootdir='${prefix}/share'
docdir='${datarootdir}/doc/${PACKAGE_TARNAME}'
dvidir='${docdir}'
exec_prefix='${prefix}'
host='x86_64-unknown-linux-gnu'
host_alias=''
host_cpu='x86_64'
host_os='linux-gnu'
host_vendor='unknown'
htmldir='${docdir}'
includedir='${prefix}/include'
infodir='${datarootdir}/info'
install_sh='${SHELL} /home/chol/Documents/vidz/install-sh'
intltool__v_merge_options_0='-q'
intltool__v_merge_options_='$(intltool__v_merge_options_$(AM_DEFAULT_VERBOSITY))'
libdir='${exec_prefix}/lib'
libexecdir='${exec_prefix}/libexec'
localedir='${datarootdir}/locale'
localstatedir='${prefix}/var'
mandir='${datarootdir}/man'
mkdir_p='$(MKDIR_P)'
oldincludedir='/usr/include'
pdfdir='${docdir}'
prefix='/usr/local'
program_transform_name='s,x,x,'
psdir='${docdir}'
runstatedir='${localstatedir}/run'
sbindir='${exec_prefix}/sbin'
sharedstatedir='${prefix}/com'
sysconfdir='${prefix}/etc'
target_alias=''

## ----------- ##
## confdefs.h. ##
## ----------- ##

/* confdefs.h */
#define PACKAGE_NAME "vidz"
#define PACKAGE_TARNAME "vidz"
#define PACKAGE_VERSION "0.3"
#define PACKAGE_STRING "vidz 0.3"
#define PACKAGE_BUGREPORT ""
#define PACKAGE_URL ""
#define PACKAGE "vidz"
#define VERSION "0.3"
#define GETTEXT_PACKAGE "vidz"
#define STDC_HEADERS 1
#define HAVE_SYS_TYPES_H 1
#define HAVE_SYS_STAT_H 1
#define HAVE_STDLIB_H 1
#define HAVE_STRING_H 1
#define HAVE_MEMORY_H 1
#define HAVE_STRINGS_H 1
#define HAVE_INTTYPES_H 1
#define HAVE_STDINT_H 1
#define HAVE_UNISTD_H 1
#define HAVE_LOCALE_H 1
#define HAVE_LC_MESSAGES 1
#define HAVE_BIND_TEXTDOMAIN_CODESET 1
#define HAVE_GETTEXT 1
#define HAVE_DCGETTEXT 1
#define ENABLE_NLS 1
#define HAVE_DLFCN_H 1
#define LT_OBJDIR ".libs/"

configure: exit 0

## ---------------------- ##
## Running config.status. ##
## ---------------------- ##

This file was extended by vidz config.status 0.3, which was
generated by GNU Autoconf 2.69.  Invocation command line was

  CONFIG_FILES    = 
  CONFIG_HEADERS  = 
  CONFIG_LINKS    = 
  CONFIG_COMMANDS = 
  $ ./config.status 

on cholnix

config.status:1175: creating Makefile
config.status:1175: creating src/Makefile
config.status:1175: creating po/Makefile.in
config.status:1175: creating pixmaps/Makefile
config.status:1175: creating config.h
config.status:1404: executing depfiles commands
config.status:1404: executing default-1 commands
config.status:1404: executing libtool commands
config.status:1404: executing po/stamp-it commands

## ---------------------- ##
## Running config.status. ##
## ---------------------- ##

This file was extended by vidz config.status 0.3, which was
generated by GNU Autoconf 2.69.  Invocation command line was

  CONFIG_FILES    = 
  CONFIG_HEADERS  = 
  CONFIG_LINKS    = 
  CONFIG_COMMANDS = 
  $ ./config.status config.h

on cholnix

config.status:1175: creating config.h
config.status:1356: config.h is unchanged
